{"/home/avery/PSU/ba/winter2025/software-engineering/project/chat/backend/server.js": {"path":"/home/avery/PSU/ba/winter2025/software-engineering/project/chat/backend/server.js","statementMap":{"0":{"start":{"line":1,"column":16},"end":{"line":1,"column":34}},"1":{"start":{"line":2,"column":17},"end":{"line":2,"column":36}},"2":{"start":{"line":3,"column":13},"end":{"line":3,"column":28}},"3":{"start":{"line":4,"column":25},"end":{"line":4,"column":40}},"4":{"start":{"line":5,"column":19},"end":{"line":5,"column":39}},"5":{"start":{"line":6,"column":15},"end":{"line":6,"column":34}},"6":{"start":{"line":7,"column":12},"end":{"line":7,"column":35}},"7":{"start":{"line":8,"column":13},"end":{"line":8,"column":37}},"8":{"start":{"line":9,"column":13},"end":{"line":9,"column":37}},"9":{"start":{"line":10,"column":26},"end":{"line":10,"column":54}},"10":{"start":{"line":11,"column":0},"end":{"line":11,"column":27}},"11":{"start":{"line":13,"column":16},"end":{"line":13,"column":43}},"12":{"start":{"line":15,"column":12},"end":{"line":15,"column":21}},"13":{"start":{"line":16,"column":19},"end":{"line":16,"column":36}},"14":{"start":{"line":17,"column":11},"end":{"line":23,"column":2}},"15":{"start":{"line":25,"column":19},"end":{"line":25,"column":56}},"16":{"start":{"line":28,"column":0},"end":{"line":28,"column":16}},"17":{"start":{"line":29,"column":0},"end":{"line":29,"column":24}},"18":{"start":{"line":32,"column":0},"end":{"line":36,"column":1}},"19":{"start":{"line":33,"column":4},"end":{"line":35,"column":42}},"20":{"start":{"line":34,"column":20},"end":{"line":34,"column":52}},"21":{"start":{"line":35,"column":22},"end":{"line":35,"column":40}},"22":{"start":{"line":39,"column":0},"end":{"line":56,"column":3}},"23":{"start":{"line":40,"column":4},"end":{"line":55,"column":5}},"24":{"start":{"line":41,"column":22},"end":{"line":41,"column":64}},"25":{"start":{"line":42,"column":8},"end":{"line":44,"column":9}},"26":{"start":{"line":43,"column":12},"end":{"line":43,"column":78}},"27":{"start":{"line":45,"column":24},"end":{"line":45,"column":53}},"28":{"start":{"line":46,"column":21},"end":{"line":46,"column":52}},"29":{"start":{"line":47,"column":8},"end":{"line":49,"column":9}},"30":{"start":{"line":48,"column":12},"end":{"line":48,"column":73}},"31":{"start":{"line":50,"column":8},"end":{"line":50,"column":27}},"32":{"start":{"line":51,"column":8},"end":{"line":51,"column":15}},"33":{"start":{"line":53,"column":8},"end":{"line":53,"column":68}},"34":{"start":{"line":54,"column":8},"end":{"line":54,"column":48}},"35":{"start":{"line":58,"column":0},"end":{"line":107,"column":3}},"36":{"start":{"line":59,"column":4},"end":{"line":59,"column":51}},"37":{"start":{"line":61,"column":4},"end":{"line":72,"column":7}},"38":{"start":{"line":62,"column":8},"end":{"line":71,"column":9}},"39":{"start":{"line":63,"column":25},"end":{"line":63,"column":52}},"40":{"start":{"line":64,"column":12},"end":{"line":66,"column":13}},"41":{"start":{"line":64,"column":52},"end":{"line":64,"column":82}},"42":{"start":{"line":65,"column":16},"end":{"line":65,"column":82}},"43":{"start":{"line":67,"column":12},"end":{"line":67,"column":32}},"44":{"start":{"line":68,"column":12},"end":{"line":68,"column":74}},"45":{"start":{"line":70,"column":12},"end":{"line":70,"column":56}},"46":{"start":{"line":74,"column":4},"end":{"line":83,"column":7}},"47":{"start":{"line":75,"column":8},"end":{"line":75,"column":64}},"48":{"start":{"line":76,"column":22},"end":{"line":76,"column":46}},"49":{"start":{"line":77,"column":8},"end":{"line":82,"column":11}},"50":{"start":{"line":78,"column":12},"end":{"line":81,"column":13}},"51":{"start":{"line":79,"column":16},"end":{"line":79,"column":35}},"52":{"start":{"line":80,"column":16},"end":{"line":80,"column":53}},"53":{"start":{"line":85,"column":4},"end":{"line":102,"column":7}},"54":{"start":{"line":86,"column":8},"end":{"line":101,"column":9}},"55":{"start":{"line":87,"column":31},"end":{"line":92,"column":14}},"56":{"start":{"line":93,"column":12},"end":{"line":98,"column":15}},"57":{"start":{"line":100,"column":12},"end":{"line":100,"column":58}},"58":{"start":{"line":104,"column":4},"end":{"line":106,"column":7}},"59":{"start":{"line":105,"column":8},"end":{"line":105,"column":58}},"60":{"start":{"line":110,"column":0},"end":{"line":152,"column":3}},"61":{"start":{"line":111,"column":70},"end":{"line":111,"column":78}},"62":{"start":{"line":112,"column":4},"end":{"line":114,"column":5}},"63":{"start":{"line":113,"column":8},"end":{"line":113,"column":76}},"64":{"start":{"line":115,"column":4},"end":{"line":117,"column":5}},"65":{"start":{"line":116,"column":8},"end":{"line":116,"column":75}},"66":{"start":{"line":118,"column":4},"end":{"line":151,"column":5}},"67":{"start":{"line":119,"column":29},"end":{"line":119,"column":58}},"68":{"start":{"line":120,"column":8},"end":{"line":122,"column":9}},"69":{"start":{"line":121,"column":12},"end":{"line":121,"column":81}},"70":{"start":{"line":123,"column":31},"end":{"line":123,"column":62}},"71":{"start":{"line":124,"column":24},"end":{"line":124,"column":90}},"72":{"start":{"line":125,"column":8},"end":{"line":125,"column":29}},"73":{"start":{"line":128,"column":25},"end":{"line":128,"column":63}},"74":{"start":{"line":129,"column":8},"end":{"line":131,"column":9}},"75":{"start":{"line":130,"column":12},"end":{"line":130,"column":63}},"76":{"start":{"line":132,"column":8},"end":{"line":132,"column":43}},"77":{"start":{"line":133,"column":8},"end":{"line":133,"column":32}},"78":{"start":{"line":136,"column":25},"end":{"line":136,"column":71}},"79":{"start":{"line":137,"column":8},"end":{"line":147,"column":9}},"80":{"start":{"line":138,"column":31},"end":{"line":138,"column":71}},"81":{"start":{"line":139,"column":31},"end":{"line":139,"column":71}},"82":{"start":{"line":140,"column":12},"end":{"line":146,"column":13}},"83":{"start":{"line":141,"column":16},"end":{"line":145,"column":19}},"84":{"start":{"line":148,"column":8},"end":{"line":148,"column":90}},"85":{"start":{"line":150,"column":8},"end":{"line":150,"column":57}},"86":{"start":{"line":155,"column":0},"end":{"line":179,"column":3}},"87":{"start":{"line":156,"column":32},"end":{"line":156,"column":40}},"88":{"start":{"line":157,"column":4},"end":{"line":159,"column":5}},"89":{"start":{"line":158,"column":8},"end":{"line":158,"column":84}},"90":{"start":{"line":160,"column":4},"end":{"line":178,"column":5}},"91":{"start":{"line":161,"column":21},"end":{"line":161,"column":50}},"92":{"start":{"line":162,"column":8},"end":{"line":164,"column":9}},"93":{"start":{"line":163,"column":12},"end":{"line":163,"column":82}},"94":{"start":{"line":165,"column":24},"end":{"line":165,"column":69}},"95":{"start":{"line":166,"column":8},"end":{"line":168,"column":9}},"96":{"start":{"line":167,"column":12},"end":{"line":167,"column":82}},"97":{"start":{"line":169,"column":22},"end":{"line":173,"column":9}},"98":{"start":{"line":174,"column":8},"end":{"line":174,"column":57}},"99":{"start":{"line":176,"column":8},"end":{"line":176,"column":45}},"100":{"start":{"line":177,"column":8},"end":{"line":177,"column":58}},"101":{"start":{"line":182,"column":0},"end":{"line":205,"column":3}},"102":{"start":{"line":183,"column":4},"end":{"line":204,"column":5}},"103":{"start":{"line":184,"column":22},"end":{"line":186,"column":37}},"104":{"start":{"line":187,"column":31},"end":{"line":200,"column":10}},"105":{"start":{"line":188,"column":28},"end":{"line":188,"column":83}},"106":{"start":{"line":189,"column":12},"end":{"line":198,"column":13}},"107":{"start":{"line":190,"column":34},"end":{"line":190,"column":88}},"108":{"start":{"line":190,"column":55},"end":{"line":190,"column":87}},"109":{"start":{"line":191,"column":16},"end":{"line":197,"column":18}},"110":{"start":{"line":199,"column":12},"end":{"line":199,"column":76}},"111":{"start":{"line":201,"column":8},"end":{"line":201,"column":33}},"112":{"start":{"line":203,"column":8},"end":{"line":203,"column":66}},"113":{"start":{"line":208,"column":0},"end":{"line":249,"column":3}},"114":{"start":{"line":209,"column":4},"end":{"line":248,"column":5}},"115":{"start":{"line":210,"column":21},"end":{"line":210,"column":95}},"116":{"start":{"line":211,"column":8},"end":{"line":211,"column":78}},"117":{"start":{"line":211,"column":19},"end":{"line":211,"column":78}},"118":{"start":{"line":212,"column":8},"end":{"line":212,"column":103}},"119":{"start":{"line":212,"column":23},"end":{"line":212,"column":103}},"120":{"start":{"line":213,"column":26},"end":{"line":213,"column":66}},"121":{"start":{"line":214,"column":34},"end":{"line":214,"column":51}},"122":{"start":{"line":215,"column":8},"end":{"line":215,"column":88}},"123":{"start":{"line":215,"column":50},"end":{"line":215,"column":86}},"124":{"start":{"line":216,"column":8},"end":{"line":218,"column":9}},"125":{"start":{"line":217,"column":12},"end":{"line":217,"column":84}},"126":{"start":{"line":219,"column":8},"end":{"line":219,"column":35}},"127":{"start":{"line":220,"column":8},"end":{"line":223,"column":9}},"128":{"start":{"line":221,"column":12},"end":{"line":221,"column":35}},"129":{"start":{"line":222,"column":12},"end":{"line":222,"column":91}},"130":{"start":{"line":224,"column":8},"end":{"line":242,"column":9}},"131":{"start":{"line":225,"column":29},"end":{"line":225,"column":86}},"132":{"start":{"line":226,"column":12},"end":{"line":226,"column":34}},"133":{"start":{"line":227,"column":33},"end":{"line":227,"column":56}},"134":{"start":{"line":228,"column":60},"end":{"line":228,"column":83}},"135":{"start":{"line":229,"column":34},"end":{"line":234,"column":14}},"136":{"start":{"line":235,"column":12},"end":{"line":235,"column":39}},"137":{"start":{"line":236,"column":12},"end":{"line":241,"column":15}},"138":{"start":{"line":243,"column":8},"end":{"line":243,"column":26}},"139":{"start":{"line":244,"column":8},"end":{"line":244,"column":73}},"140":{"start":{"line":246,"column":8},"end":{"line":246,"column":52}},"141":{"start":{"line":247,"column":8},"end":{"line":247,"column":58}},"142":{"start":{"line":252,"column":0},"end":{"line":268,"column":3}},"143":{"start":{"line":253,"column":4},"end":{"line":267,"column":5}},"144":{"start":{"line":254,"column":21},"end":{"line":254,"column":55}},"145":{"start":{"line":255,"column":8},"end":{"line":255,"column":78}},"146":{"start":{"line":255,"column":19},"end":{"line":255,"column":78}},"147":{"start":{"line":256,"column":8},"end":{"line":258,"column":9}},"148":{"start":{"line":257,"column":12},"end":{"line":257,"column":93}},"149":{"start":{"line":259,"column":8},"end":{"line":261,"column":9}},"150":{"start":{"line":260,"column":12},"end":{"line":260,"column":98}},"151":{"start":{"line":262,"column":8},"end":{"line":262,"column":31}},"152":{"start":{"line":263,"column":8},"end":{"line":263,"column":72}},"153":{"start":{"line":265,"column":8},"end":{"line":265,"column":53}},"154":{"start":{"line":266,"column":8},"end":{"line":266,"column":58}},"155":{"start":{"line":270,"column":0},"end":{"line":285,"column":3}},"156":{"start":{"line":271,"column":4},"end":{"line":284,"column":5}},"157":{"start":{"line":272,"column":24},"end":{"line":272,"column":61}},"158":{"start":{"line":273,"column":8},"end":{"line":275,"column":9}},"159":{"start":{"line":274,"column":12},"end":{"line":274,"column":74}},"160":{"start":{"line":276,"column":8},"end":{"line":278,"column":9}},"161":{"start":{"line":277,"column":12},"end":{"line":277,"column":92}},"162":{"start":{"line":279,"column":8},"end":{"line":279,"column":34}},"163":{"start":{"line":280,"column":8},"end":{"line":280,"column":74}},"164":{"start":{"line":282,"column":8},"end":{"line":282,"column":56}},"165":{"start":{"line":283,"column":8},"end":{"line":283,"column":58}},"166":{"start":{"line":287,"column":0},"end":{"line":303,"column":3}},"167":{"start":{"line":288,"column":23},"end":{"line":288,"column":51}},"168":{"start":{"line":289,"column":18},"end":{"line":289,"column":56}},"169":{"start":{"line":290,"column":4},"end":{"line":292,"column":5}},"170":{"start":{"line":291,"column":8},"end":{"line":291,"column":70}},"171":{"start":{"line":293,"column":4},"end":{"line":302,"column":5}},"172":{"start":{"line":294,"column":24},"end":{"line":294,"column":53}},"173":{"start":{"line":295,"column":21},"end":{"line":295,"column":52}},"174":{"start":{"line":296,"column":8},"end":{"line":298,"column":9}},"175":{"start":{"line":297,"column":12},"end":{"line":297,"column":70}},"176":{"start":{"line":299,"column":8},"end":{"line":299,"column":91}},"177":{"start":{"line":301,"column":8},"end":{"line":301,"column":70}},"178":{"start":{"line":306,"column":0},"end":{"line":331,"column":3}},"179":{"start":{"line":307,"column":28},"end":{"line":307,"column":36}},"180":{"start":{"line":308,"column":2},"end":{"line":310,"column":3}},"181":{"start":{"line":309,"column":4},"end":{"line":309,"column":71}},"182":{"start":{"line":311,"column":2},"end":{"line":313,"column":3}},"183":{"start":{"line":312,"column":4},"end":{"line":312,"column":79}},"184":{"start":{"line":314,"column":2},"end":{"line":330,"column":3}},"185":{"start":{"line":315,"column":18},"end":{"line":315,"column":68}},"186":{"start":{"line":315,"column":36},"end":{"line":315,"column":67}},"187":{"start":{"line":316,"column":4},"end":{"line":318,"column":5}},"188":{"start":{"line":316,"column":26},"end":{"line":316,"column":48}},"189":{"start":{"line":317,"column":6},"end":{"line":317,"column":59}},"190":{"start":{"line":319,"column":20},"end":{"line":324,"column":6}},"191":{"start":{"line":325,"column":4},"end":{"line":325,"column":25}},"192":{"start":{"line":326,"column":4},"end":{"line":326,"column":82}},"193":{"start":{"line":328,"column":4},"end":{"line":328,"column":49}},"194":{"start":{"line":329,"column":4},"end":{"line":329,"column":54}},"195":{"start":{"line":334,"column":0},"end":{"line":342,"column":3}},"196":{"start":{"line":335,"column":4},"end":{"line":341,"column":5}},"197":{"start":{"line":336,"column":21},"end":{"line":336,"column":73}},"198":{"start":{"line":337,"column":8},"end":{"line":337,"column":78}},"199":{"start":{"line":337,"column":19},"end":{"line":337,"column":78}},"200":{"start":{"line":338,"column":8},"end":{"line":338,"column":23}},"201":{"start":{"line":340,"column":8},"end":{"line":340,"column":58}},"202":{"start":{"line":345,"column":0},"end":{"line":362,"column":3}},"203":{"start":{"line":346,"column":66},"end":{"line":346,"column":74}},"204":{"start":{"line":347,"column":4},"end":{"line":361,"column":5}},"205":{"start":{"line":348,"column":21},"end":{"line":348,"column":53}},"206":{"start":{"line":349,"column":8},"end":{"line":349,"column":78}},"207":{"start":{"line":349,"column":19},"end":{"line":349,"column":78}},"208":{"start":{"line":350,"column":8},"end":{"line":350,"column":50}},"209":{"start":{"line":350,"column":23},"end":{"line":350,"column":50}},"210":{"start":{"line":351,"column":8},"end":{"line":351,"column":47}},"211":{"start":{"line":351,"column":22},"end":{"line":351,"column":47}},"212":{"start":{"line":352,"column":8},"end":{"line":356,"column":9}},"213":{"start":{"line":353,"column":28},"end":{"line":353,"column":80}},"214":{"start":{"line":354,"column":12},"end":{"line":354,"column":97}},"215":{"start":{"line":354,"column":26},"end":{"line":354,"column":97}},"216":{"start":{"line":355,"column":12},"end":{"line":355,"column":63}},"217":{"start":{"line":357,"column":8},"end":{"line":357,"column":26}},"218":{"start":{"line":358,"column":8},"end":{"line":358,"column":62}},"219":{"start":{"line":360,"column":8},"end":{"line":360,"column":58}},"220":{"start":{"line":364,"column":0},"end":{"line":372,"column":3}},"221":{"start":{"line":365,"column":4},"end":{"line":371,"column":5}},"222":{"start":{"line":366,"column":22},"end":{"line":366,"column":74}},"223":{"start":{"line":367,"column":8},"end":{"line":367,"column":24}},"224":{"start":{"line":369,"column":8},"end":{"line":369,"column":54}},"225":{"start":{"line":370,"column":8},"end":{"line":370,"column":66}},"226":{"start":{"line":374,"column":0},"end":{"line":382,"column":3}},"227":{"start":{"line":375,"column":4},"end":{"line":381,"column":5}},"228":{"start":{"line":376,"column":21},"end":{"line":376,"column":73}},"229":{"start":{"line":377,"column":8},"end":{"line":377,"column":78}},"230":{"start":{"line":377,"column":19},"end":{"line":377,"column":78}},"231":{"start":{"line":378,"column":8},"end":{"line":378,"column":23}},"232":{"start":{"line":380,"column":8},"end":{"line":380,"column":58}},"233":{"start":{"line":385,"column":0},"end":{"line":394,"column":3}},"234":{"start":{"line":386,"column":32},"end":{"line":386,"column":41}},"235":{"start":{"line":387,"column":4},"end":{"line":393,"column":5}},"236":{"start":{"line":388,"column":25},"end":{"line":388,"column":76}},"237":{"start":{"line":389,"column":8},"end":{"line":389,"column":27}},"238":{"start":{"line":391,"column":8},"end":{"line":391,"column":57}},"239":{"start":{"line":392,"column":8},"end":{"line":392,"column":69}},"240":{"start":{"line":396,"column":13},"end":{"line":396,"column":37}},"241":{"start":{"line":397,"column":0},"end":{"line":401,"column":1}},"242":{"start":{"line":398,"column":2},"end":{"line":400,"column":5}},"243":{"start":{"line":399,"column":4},"end":{"line":399,"column":50}},"244":{"start":{"line":403,"column":0},"end":{"line":403,"column":21}}},"fnMap":{"0":{"name":"(anonymous_0)","decl":{"start":{"line":34,"column":14},"end":{"line":34,"column":15}},"loc":{"start":{"line":34,"column":20},"end":{"line":34,"column":52}},"line":34},"1":{"name":"(anonymous_1)","decl":{"start":{"line":35,"column":15},"end":{"line":35,"column":16}},"loc":{"start":{"line":35,"column":22},"end":{"line":35,"column":40}},"line":35},"2":{"name":"(anonymous_2)","decl":{"start":{"line":39,"column":7},"end":{"line":39,"column":8}},"loc":{"start":{"line":39,"column":31},"end":{"line":56,"column":1}},"line":39},"3":{"name":"(anonymous_3)","decl":{"start":{"line":58,"column":20},"end":{"line":58,"column":21}},"loc":{"start":{"line":58,"column":32},"end":{"line":107,"column":1}},"line":58},"4":{"name":"(anonymous_4)","decl":{"start":{"line":61,"column":26},"end":{"line":61,"column":27}},"loc":{"start":{"line":61,"column":44},"end":{"line":72,"column":5}},"line":61},"5":{"name":"(anonymous_5)","decl":{"start":{"line":64,"column":42},"end":{"line":64,"column":43}},"loc":{"start":{"line":64,"column":52},"end":{"line":64,"column":82}},"line":64},"6":{"name":"(anonymous_6)","decl":{"start":{"line":74,"column":27},"end":{"line":74,"column":28}},"loc":{"start":{"line":74,"column":33},"end":{"line":83,"column":5}},"line":74},"7":{"name":"(anonymous_7)","decl":{"start":{"line":77,"column":22},"end":{"line":77,"column":23}},"loc":{"start":{"line":77,"column":32},"end":{"line":82,"column":9}},"line":77},"8":{"name":"(anonymous_8)","decl":{"start":{"line":85,"column":29},"end":{"line":85,"column":30}},"loc":{"start":{"line":85,"column":60},"end":{"line":102,"column":5}},"line":85},"9":{"name":"(anonymous_9)","decl":{"start":{"line":104,"column":28},"end":{"line":104,"column":29}},"loc":{"start":{"line":104,"column":34},"end":{"line":106,"column":5}},"line":104},"10":{"name":"(anonymous_10)","decl":{"start":{"line":110,"column":22},"end":{"line":110,"column":23}},"loc":{"start":{"line":110,"column":42},"end":{"line":152,"column":1}},"line":110},"11":{"name":"(anonymous_11)","decl":{"start":{"line":155,"column":19},"end":{"line":155,"column":20}},"loc":{"start":{"line":155,"column":39},"end":{"line":179,"column":1}},"line":155},"12":{"name":"(anonymous_12)","decl":{"start":{"line":182,"column":37},"end":{"line":182,"column":38}},"loc":{"start":{"line":182,"column":57},"end":{"line":205,"column":1}},"line":182},"13":{"name":"(anonymous_13)","decl":{"start":{"line":187,"column":41},"end":{"line":187,"column":42}},"loc":{"start":{"line":187,"column":49},"end":{"line":200,"column":9}},"line":187},"14":{"name":"(anonymous_14)","decl":{"start":{"line":190,"column":50},"end":{"line":190,"column":51}},"loc":{"start":{"line":190,"column":55},"end":{"line":190,"column":87}},"line":190},"15":{"name":"(anonymous_15)","decl":{"start":{"line":208,"column":48},"end":{"line":208,"column":49}},"loc":{"start":{"line":208,"column":68},"end":{"line":249,"column":1}},"line":208},"16":{"name":"(anonymous_16)","decl":{"start":{"line":215,"column":39},"end":{"line":215,"column":40}},"loc":{"start":{"line":215,"column":50},"end":{"line":215,"column":86}},"line":215},"17":{"name":"(anonymous_17)","decl":{"start":{"line":252,"column":44},"end":{"line":252,"column":45}},"loc":{"start":{"line":252,"column":64},"end":{"line":268,"column":1}},"line":252},"18":{"name":"(anonymous_18)","decl":{"start":{"line":270,"column":47},"end":{"line":270,"column":48}},"loc":{"start":{"line":270,"column":67},"end":{"line":285,"column":1}},"line":270},"19":{"name":"(anonymous_19)","decl":{"start":{"line":287,"column":25},"end":{"line":287,"column":26}},"loc":{"start":{"line":287,"column":45},"end":{"line":303,"column":1}},"line":287},"20":{"name":"(anonymous_20)","decl":{"start":{"line":306,"column":44},"end":{"line":306,"column":45}},"loc":{"start":{"line":306,"column":64},"end":{"line":331,"column":1}},"line":306},"21":{"name":"(anonymous_21)","decl":{"start":{"line":315,"column":30},"end":{"line":315,"column":31}},"loc":{"start":{"line":315,"column":36},"end":{"line":315,"column":67}},"line":315},"22":{"name":"(anonymous_22)","decl":{"start":{"line":316,"column":20},"end":{"line":316,"column":21}},"loc":{"start":{"line":316,"column":26},"end":{"line":316,"column":48}},"line":316},"23":{"name":"(anonymous_23)","decl":{"start":{"line":334,"column":39},"end":{"line":334,"column":40}},"loc":{"start":{"line":334,"column":59},"end":{"line":342,"column":1}},"line":334},"24":{"name":"(anonymous_24)","decl":{"start":{"line":345,"column":39},"end":{"line":345,"column":40}},"loc":{"start":{"line":345,"column":59},"end":{"line":362,"column":1}},"line":345},"25":{"name":"(anonymous_25)","decl":{"start":{"line":364,"column":37},"end":{"line":364,"column":38}},"loc":{"start":{"line":364,"column":57},"end":{"line":372,"column":1}},"line":364},"26":{"name":"(anonymous_26)","decl":{"start":{"line":374,"column":40},"end":{"line":374,"column":41}},"loc":{"start":{"line":374,"column":60},"end":{"line":382,"column":1}},"line":374},"27":{"name":"(anonymous_27)","decl":{"start":{"line":385,"column":40},"end":{"line":385,"column":41}},"loc":{"start":{"line":385,"column":60},"end":{"line":394,"column":1}},"line":385},"28":{"name":"(anonymous_28)","decl":{"start":{"line":398,"column":26},"end":{"line":398,"column":27}},"loc":{"start":{"line":398,"column":32},"end":{"line":400,"column":3}},"line":398}},"branchMap":{"0":{"loc":{"start":{"line":25,"column":19},"end":{"line":25,"column":56}},"type":"binary-expr","locations":[{"start":{"line":25,"column":19},"end":{"line":25,"column":41}},{"start":{"line":25,"column":45},"end":{"line":25,"column":56}}],"line":25},"1":{"loc":{"start":{"line":32,"column":0},"end":{"line":36,"column":1}},"type":"if","locations":[{"start":{"line":32,"column":0},"end":{"line":36,"column":1}},{"start":{},"end":{}}],"line":32},"2":{"loc":{"start":{"line":42,"column":8},"end":{"line":44,"column":9}},"type":"if","locations":[{"start":{"line":42,"column":8},"end":{"line":44,"column":9}},{"start":{},"end":{}}],"line":42},"3":{"loc":{"start":{"line":47,"column":8},"end":{"line":49,"column":9}},"type":"if","locations":[{"start":{"line":47,"column":8},"end":{"line":49,"column":9}},{"start":{},"end":{}}],"line":47},"4":{"loc":{"start":{"line":64,"column":12},"end":{"line":66,"column":13}},"type":"if","locations":[{"start":{"line":64,"column":12},"end":{"line":66,"column":13}},{"start":{},"end":{}}],"line":64},"5":{"loc":{"start":{"line":64,"column":16},"end":{"line":64,"column":83}},"type":"binary-expr","locations":[{"start":{"line":64,"column":16},"end":{"line":64,"column":21}},{"start":{"line":64,"column":25},"end":{"line":64,"column":83}}],"line":64},"6":{"loc":{"start":{"line":78,"column":12},"end":{"line":81,"column":13}},"type":"if","locations":[{"start":{"line":78,"column":12},"end":{"line":81,"column":13}},{"start":{},"end":{}}],"line":78},"7":{"loc":{"start":{"line":112,"column":4},"end":{"line":114,"column":5}},"type":"if","locations":[{"start":{"line":112,"column":4},"end":{"line":114,"column":5}},{"start":{},"end":{}}],"line":112},"8":{"loc":{"start":{"line":112,"column":8},"end":{"line":112,"column":74}},"type":"binary-expr","locations":[{"start":{"line":112,"column":8},"end":{"line":112,"column":18}},{"start":{"line":112,"column":22},"end":{"line":112,"column":31}},{"start":{"line":112,"column":35},"end":{"line":112,"column":41}},{"start":{"line":112,"column":45},"end":{"line":112,"column":54}},{"start":{"line":112,"column":58},"end":{"line":112,"column":74}}],"line":112},"9":{"loc":{"start":{"line":115,"column":4},"end":{"line":117,"column":5}},"type":"if","locations":[{"start":{"line":115,"column":4},"end":{"line":117,"column":5}},{"start":{},"end":{}}],"line":115},"10":{"loc":{"start":{"line":120,"column":8},"end":{"line":122,"column":9}},"type":"if","locations":[{"start":{"line":120,"column":8},"end":{"line":122,"column":9}},{"start":{},"end":{}}],"line":120},"11":{"loc":{"start":{"line":129,"column":8},"end":{"line":131,"column":9}},"type":"if","locations":[{"start":{"line":129,"column":8},"end":{"line":131,"column":9}},{"start":{},"end":{}}],"line":129},"12":{"loc":{"start":{"line":140,"column":12},"end":{"line":146,"column":13}},"type":"if","locations":[{"start":{"line":140,"column":12},"end":{"line":146,"column":13}},{"start":{},"end":{}}],"line":140},"13":{"loc":{"start":{"line":157,"column":4},"end":{"line":159,"column":5}},"type":"if","locations":[{"start":{"line":157,"column":4},"end":{"line":159,"column":5}},{"start":{},"end":{}}],"line":157},"14":{"loc":{"start":{"line":157,"column":8},"end":{"line":157,"column":27}},"type":"binary-expr","locations":[{"start":{"line":157,"column":8},"end":{"line":157,"column":14}},{"start":{"line":157,"column":18},"end":{"line":157,"column":27}}],"line":157},"15":{"loc":{"start":{"line":162,"column":8},"end":{"line":164,"column":9}},"type":"if","locations":[{"start":{"line":162,"column":8},"end":{"line":164,"column":9}},{"start":{},"end":{}}],"line":162},"16":{"loc":{"start":{"line":166,"column":8},"end":{"line":168,"column":9}},"type":"if","locations":[{"start":{"line":166,"column":8},"end":{"line":168,"column":9}},{"start":{},"end":{}}],"line":166},"17":{"loc":{"start":{"line":188,"column":28},"end":{"line":188,"column":83}},"type":"binary-expr","locations":[{"start":{"line":188,"column":28},"end":{"line":188,"column":38}},{"start":{"line":188,"column":42},"end":{"line":188,"column":83}}],"line":188},"18":{"loc":{"start":{"line":189,"column":12},"end":{"line":198,"column":13}},"type":"if","locations":[{"start":{"line":189,"column":12},"end":{"line":198,"column":13}},{"start":{},"end":{}}],"line":189},"19":{"loc":{"start":{"line":211,"column":8},"end":{"line":211,"column":78}},"type":"if","locations":[{"start":{"line":211,"column":8},"end":{"line":211,"column":78}},{"start":{},"end":{}}],"line":211},"20":{"loc":{"start":{"line":212,"column":8},"end":{"line":212,"column":103}},"type":"if","locations":[{"start":{"line":212,"column":8},"end":{"line":212,"column":103}},{"start":{},"end":{}}],"line":212},"21":{"loc":{"start":{"line":213,"column":27},"end":{"line":213,"column":54}},"type":"binary-expr","locations":[{"start":{"line":213,"column":27},"end":{"line":213,"column":39}},{"start":{"line":213,"column":43},"end":{"line":213,"column":54}}],"line":213},"22":{"loc":{"start":{"line":216,"column":8},"end":{"line":218,"column":9}},"type":"if","locations":[{"start":{"line":216,"column":8},"end":{"line":218,"column":9}},{"start":{},"end":{}}],"line":216},"23":{"loc":{"start":{"line":220,"column":8},"end":{"line":223,"column":9}},"type":"if","locations":[{"start":{"line":220,"column":8},"end":{"line":223,"column":9}},{"start":{},"end":{}}],"line":220},"24":{"loc":{"start":{"line":224,"column":8},"end":{"line":242,"column":9}},"type":"if","locations":[{"start":{"line":224,"column":8},"end":{"line":242,"column":9}},{"start":{},"end":{}}],"line":224},"25":{"loc":{"start":{"line":224,"column":12},"end":{"line":224,"column":61}},"type":"binary-expr","locations":[{"start":{"line":224,"column":12},"end":{"line":224,"column":22}},{"start":{"line":224,"column":26},"end":{"line":224,"column":61}}],"line":224},"26":{"loc":{"start":{"line":227,"column":33},"end":{"line":227,"column":56}},"type":"binary-expr","locations":[{"start":{"line":227,"column":33},"end":{"line":227,"column":50}},{"start":{"line":227,"column":54},"end":{"line":227,"column":56}}],"line":227},"27":{"loc":{"start":{"line":228,"column":19},"end":{"line":228,"column":37}},"type":"default-arg","locations":[{"start":{"line":228,"column":35},"end":{"line":228,"column":37}}],"line":228},"28":{"loc":{"start":{"line":228,"column":39},"end":{"line":228,"column":56}},"type":"default-arg","locations":[{"start":{"line":228,"column":54},"end":{"line":228,"column":56}}],"line":228},"29":{"loc":{"start":{"line":231,"column":31},"end":{"line":231,"column":66}},"type":"binary-expr","locations":[{"start":{"line":231,"column":31},"end":{"line":231,"column":49}},{"start":{"line":231,"column":53},"end":{"line":231,"column":66}}],"line":231},"30":{"loc":{"start":{"line":231,"column":70},"end":{"line":231,"column":103}},"type":"binary-expr","locations":[{"start":{"line":231,"column":70},"end":{"line":231,"column":87}},{"start":{"line":231,"column":91},"end":{"line":231,"column":103}}],"line":231},"31":{"loc":{"start":{"line":255,"column":8},"end":{"line":255,"column":78}},"type":"if","locations":[{"start":{"line":255,"column":8},"end":{"line":255,"column":78}},{"start":{},"end":{}}],"line":255},"32":{"loc":{"start":{"line":256,"column":8},"end":{"line":258,"column":9}},"type":"if","locations":[{"start":{"line":256,"column":8},"end":{"line":258,"column":9}},{"start":{},"end":{}}],"line":256},"33":{"loc":{"start":{"line":259,"column":8},"end":{"line":261,"column":9}},"type":"if","locations":[{"start":{"line":259,"column":8},"end":{"line":261,"column":9}},{"start":{},"end":{}}],"line":259},"34":{"loc":{"start":{"line":273,"column":8},"end":{"line":275,"column":9}},"type":"if","locations":[{"start":{"line":273,"column":8},"end":{"line":275,"column":9}},{"start":{},"end":{}}],"line":273},"35":{"loc":{"start":{"line":276,"column":8},"end":{"line":278,"column":9}},"type":"if","locations":[{"start":{"line":276,"column":8},"end":{"line":278,"column":9}},{"start":{},"end":{}}],"line":276},"36":{"loc":{"start":{"line":289,"column":18},"end":{"line":289,"column":56}},"type":"binary-expr","locations":[{"start":{"line":289,"column":18},"end":{"line":289,"column":28}},{"start":{"line":289,"column":32},"end":{"line":289,"column":56}}],"line":289},"37":{"loc":{"start":{"line":290,"column":4},"end":{"line":292,"column":5}},"type":"if","locations":[{"start":{"line":290,"column":4},"end":{"line":292,"column":5}},{"start":{},"end":{}}],"line":290},"38":{"loc":{"start":{"line":296,"column":8},"end":{"line":298,"column":9}},"type":"if","locations":[{"start":{"line":296,"column":8},"end":{"line":298,"column":9}},{"start":{},"end":{}}],"line":296},"39":{"loc":{"start":{"line":308,"column":2},"end":{"line":310,"column":3}},"type":"if","locations":[{"start":{"line":308,"column":2},"end":{"line":310,"column":3}},{"start":{},"end":{}}],"line":308},"40":{"loc":{"start":{"line":311,"column":2},"end":{"line":313,"column":3}},"type":"if","locations":[{"start":{"line":311,"column":2},"end":{"line":313,"column":3}},{"start":{},"end":{}}],"line":311},"41":{"loc":{"start":{"line":311,"column":6},"end":{"line":311,"column":53}},"type":"binary-expr","locations":[{"start":{"line":311,"column":6},"end":{"line":311,"column":29}},{"start":{"line":311,"column":33},"end":{"line":311,"column":53}}],"line":311},"42":{"loc":{"start":{"line":316,"column":4},"end":{"line":318,"column":5}},"type":"if","locations":[{"start":{"line":316,"column":4},"end":{"line":318,"column":5}},{"start":{},"end":{}}],"line":316},"43":{"loc":{"start":{"line":337,"column":8},"end":{"line":337,"column":78}},"type":"if","locations":[{"start":{"line":337,"column":8},"end":{"line":337,"column":78}},{"start":{},"end":{}}],"line":337},"44":{"loc":{"start":{"line":349,"column":8},"end":{"line":349,"column":78}},"type":"if","locations":[{"start":{"line":349,"column":8},"end":{"line":349,"column":78}},{"start":{},"end":{}}],"line":349},"45":{"loc":{"start":{"line":350,"column":8},"end":{"line":350,"column":50}},"type":"if","locations":[{"start":{"line":350,"column":8},"end":{"line":350,"column":50}},{"start":{},"end":{}}],"line":350},"46":{"loc":{"start":{"line":351,"column":8},"end":{"line":351,"column":47}},"type":"if","locations":[{"start":{"line":351,"column":8},"end":{"line":351,"column":47}},{"start":{},"end":{}}],"line":351},"47":{"loc":{"start":{"line":352,"column":8},"end":{"line":356,"column":9}},"type":"if","locations":[{"start":{"line":352,"column":8},"end":{"line":356,"column":9}},{"start":{},"end":{}}],"line":352},"48":{"loc":{"start":{"line":352,"column":12},"end":{"line":352,"column":42}},"type":"binary-expr","locations":[{"start":{"line":352,"column":12},"end":{"line":352,"column":27}},{"start":{"line":352,"column":31},"end":{"line":352,"column":42}}],"line":352},"49":{"loc":{"start":{"line":354,"column":12},"end":{"line":354,"column":97}},"type":"if","locations":[{"start":{"line":354,"column":12},"end":{"line":354,"column":97}},{"start":{},"end":{}}],"line":354},"50":{"loc":{"start":{"line":377,"column":8},"end":{"line":377,"column":78}},"type":"if","locations":[{"start":{"line":377,"column":8},"end":{"line":377,"column":78}},{"start":{},"end":{}}],"line":377},"51":{"loc":{"start":{"line":386,"column":12},"end":{"line":386,"column":27}},"type":"default-arg","locations":[{"start":{"line":386,"column":19},"end":{"line":386,"column":27}}],"line":386},"52":{"loc":{"start":{"line":396,"column":13},"end":{"line":396,"column":37}},"type":"binary-expr","locations":[{"start":{"line":396,"column":13},"end":{"line":396,"column":29}},{"start":{"line":396,"column":33},"end":{"line":396,"column":37}}],"line":396},"53":{"loc":{"start":{"line":397,"column":0},"end":{"line":401,"column":1}},"type":"if","locations":[{"start":{"line":397,"column":0},"end":{"line":401,"column":1}},{"start":{},"end":{}}],"line":397}},"s":{"0":3,"1":3,"2":3,"3":3,"4":3,"5":3,"6":3,"7":3,"8":3,"9":3,"10":3,"11":3,"12":3,"13":3,"14":3,"15":3,"16":3,"17":3,"18":3,"19":0,"20":0,"21":0,"22":3,"23":0,"24":0,"25":0,"26":0,"27":0,"28":0,"29":0,"30":0,"31":0,"32":0,"33":0,"34":0,"35":3,"36":0,"37":0,"38":0,"39":0,"40":0,"41":0,"42":0,"43":0,"44":0,"45":0,"46":0,"47":0,"48":0,"49":0,"50":0,"51":0,"52":0,"53":0,"54":0,"55":0,"56":0,"57":0,"58":0,"59":0,"60":3,"61":2,"62":2,"63":0,"64":2,"65":0,"66":2,"67":2,"68":2,"69":1,"70":1,"71":1,"72":1,"73":1,"74":1,"75":1,"76":1,"77":1,"78":1,"79":1,"80":0,"81":0,"82":0,"83":0,"84":1,"85":0,"86":3,"87":2,"88":2,"89":0,"90":2,"91":2,"92":2,"93":0,"94":2,"95":2,"96":1,"97":1,"98":1,"99":0,"100":0,"101":3,"102":0,"103":0,"104":0,"105":0,"106":0,"107":0,"108":0,"109":0,"110":0,"111":0,"112":0,"113":3,"114":1,"115":1,"116":1,"117":0,"118":1,"119":0,"120":1,"121":1,"122":1,"123":1,"124":1,"125":0,"126":1,"127":1,"128":1,"129":1,"130":0,"131":0,"132":0,"133":0,"134":0,"135":0,"136":0,"137":0,"138":0,"139":0,"140":0,"141":0,"142":3,"143":0,"144":0,"145":0,"146":0,"147":0,"148":0,"149":0,"150":0,"151":0,"152":0,"153":0,"154":0,"155":3,"156":0,"157":0,"158":0,"159":0,"160":0,"161":0,"162":0,"163":0,"164":0,"165":0,"166":3,"167":0,"168":0,"169":0,"170":0,"171":0,"172":0,"173":0,"174":0,"175":0,"176":0,"177":0,"178":3,"179":2,"180":2,"181":0,"182":2,"183":0,"184":2,"185":2,"186":2,"187":2,"188":2,"189":0,"190":2,"191":2,"192":2,"193":0,"194":0,"195":3,"196":0,"197":0,"198":0,"199":0,"200":0,"201":0,"202":3,"203":0,"204":0,"205":0,"206":0,"207":0,"208":0,"209":0,"210":0,"211":0,"212":0,"213":0,"214":0,"215":0,"216":0,"217":0,"218":0,"219":0,"220":3,"221":0,"222":0,"223":0,"224":0,"225":0,"226":3,"227":0,"228":0,"229":0,"230":0,"231":0,"232":0,"233":3,"234":0,"235":0,"236":0,"237":0,"238":0,"239":0,"240":3,"241":3,"242":0,"243":0,"244":3},"f":{"0":0,"1":0,"2":0,"3":0,"4":0,"5":0,"6":0,"7":0,"8":0,"9":0,"10":2,"11":2,"12":0,"13":0,"14":0,"15":1,"16":1,"17":0,"18":0,"19":0,"20":2,"21":2,"22":2,"23":0,"24":0,"25":0,"26":0,"27":0,"28":0},"b":{"0":[3,3],"1":[0,3],"2":[0,0],"3":[0,0],"4":[0,0],"5":[0,0],"6":[0,0],"7":[0,2],"8":[2,2,2,2,2],"9":[0,2],"10":[1,1],"11":[1,0],"12":[0,0],"13":[0,2],"14":[2,2],"15":[0,2],"16":[1,1],"17":[0,0],"18":[0,0],"19":[0,1],"20":[0,1],"21":[1,1],"22":[0,1],"23":[1,0],"24":[0,0],"25":[0,0],"26":[0,0],"27":[0],"28":[0],"29":[0,0],"30":[0,0],"31":[0,0],"32":[0,0],"33":[0,0],"34":[0,0],"35":[0,0],"36":[0,0],"37":[0,0],"38":[0,0],"39":[0,2],"40":[0,2],"41":[2,2],"42":[0,2],"43":[0,0],"44":[0,0],"45":[0,0],"46":[0,0],"47":[0,0],"48":[0,0],"49":[0,0],"50":[0,0],"51":[0],"52":[3,0],"53":[0,3]},"_coverageSchema":"1a1c01bbd47fc00a2c39e90264f33305004495a9","hash":"0b5d6142dbdc0ceacb3e26e1f7528eca4e051553"}
,"/home/avery/PSU/ba/winter2025/software-engineering/project/chat/backend/middleware/auth.js": {"path":"/home/avery/PSU/ba/winter2025/software-engineering/project/chat/backend/middleware/auth.js","statementMap":{"0":{"start":{"line":1,"column":12},"end":{"line":1,"column":35}},"1":{"start":{"line":2,"column":19},"end":{"line":2,"column":56}},"2":{"start":{"line":5,"column":26},"end":{"line":17,"column":1}},"3":{"start":{"line":6,"column":21},"end":{"line":6,"column":49}},"4":{"start":{"line":7,"column":16},"end":{"line":7,"column":54}},"5":{"start":{"line":9,"column":2},"end":{"line":9,"column":92}},"6":{"start":{"line":9,"column":14},"end":{"line":9,"column":92}},"7":{"start":{"line":11,"column":2},"end":{"line":16,"column":5}},"8":{"start":{"line":12,"column":4},"end":{"line":12,"column":83}},"9":{"start":{"line":12,"column":13},"end":{"line":12,"column":83}},"10":{"start":{"line":14,"column":4},"end":{"line":14,"column":20}},"11":{"start":{"line":15,"column":4},"end":{"line":15,"column":11}},"12":{"start":{"line":19,"column":0},"end":{"line":19,"column":35}}},"fnMap":{"0":{"name":"(anonymous_0)","decl":{"start":{"line":5,"column":26},"end":{"line":5,"column":27}},"loc":{"start":{"line":5,"column":46},"end":{"line":17,"column":1}},"line":5},"1":{"name":"(anonymous_1)","decl":{"start":{"line":11,"column":32},"end":{"line":11,"column":33}},"loc":{"start":{"line":11,"column":47},"end":{"line":16,"column":3}},"line":11}},"branchMap":{"0":{"loc":{"start":{"line":2,"column":19},"end":{"line":2,"column":56}},"type":"binary-expr","locations":[{"start":{"line":2,"column":19},"end":{"line":2,"column":41}},{"start":{"line":2,"column":45},"end":{"line":2,"column":56}}],"line":2},"1":{"loc":{"start":{"line":7,"column":16},"end":{"line":7,"column":54}},"type":"binary-expr","locations":[{"start":{"line":7,"column":16},"end":{"line":7,"column":26}},{"start":{"line":7,"column":30},"end":{"line":7,"column":54}}],"line":7},"2":{"loc":{"start":{"line":9,"column":2},"end":{"line":9,"column":92}},"type":"if","locations":[{"start":{"line":9,"column":2},"end":{"line":9,"column":92}},{"start":{},"end":{}}],"line":9},"3":{"loc":{"start":{"line":12,"column":4},"end":{"line":12,"column":83}},"type":"if","locations":[{"start":{"line":12,"column":4},"end":{"line":12,"column":83}},{"start":{},"end":{}}],"line":12}},"s":{"0":3,"1":3,"2":3,"3":3,"4":3,"5":3,"6":0,"7":3,"8":3,"9":0,"10":3,"11":3,"12":3},"f":{"0":3,"1":3},"b":{"0":[3,3],"1":[3,3],"2":[0,3],"3":[0,3]},"_coverageSchema":"1a1c01bbd47fc00a2c39e90264f33305004495a9","hash":"95058368472456a5b1d893da3401203b1ae212b7"}
,"/home/avery/PSU/ba/winter2025/software-engineering/project/chat/backend/models/Message.js": {"path":"/home/avery/PSU/ba/winter2025/software-engineering/project/chat/backend/models/Message.js","statementMap":{"0":{"start":{"line":1,"column":17},"end":{"line":1,"column":36}},"1":{"start":{"line":3,"column":22},"end":{"line":20,"column":2}},"2":{"start":{"line":22,"column":0},"end":{"line":22,"column":58}}},"fnMap":{},"branchMap":{},"s":{"0":4,"1":4,"2":4},"f":{},"b":{},"_coverageSchema":"1a1c01bbd47fc00a2c39e90264f33305004495a9","hash":"439e0f6d3101e4fec4dc4bdfc5d04600fd27f234"}
,"/home/avery/PSU/ba/winter2025/software-engineering/project/chat/backend/models/Room.js": {"path":"/home/avery/PSU/ba/winter2025/software-engineering/project/chat/backend/models/Room.js","statementMap":{"0":{"start":{"line":1,"column":17},"end":{"line":1,"column":36}},"1":{"start":{"line":3,"column":19},"end":{"line":8,"column":2}},"2":{"start":{"line":10,"column":0},"end":{"line":10,"column":52}}},"fnMap":{},"branchMap":{},"s":{"0":3,"1":3,"2":3},"f":{},"b":{},"_coverageSchema":"1a1c01bbd47fc00a2c39e90264f33305004495a9","hash":"1aa5d0bba56c11bc77757a0df988569b12c147bb"}
,"/home/avery/PSU/ba/winter2025/software-engineering/project/chat/backend/models/User.js": {"path":"/home/avery/PSU/ba/winter2025/software-engineering/project/chat/backend/models/User.js","statementMap":{"0":{"start":{"line":1,"column":17},"end":{"line":1,"column":36}},"1":{"start":{"line":3,"column":19},"end":{"line":21,"column":2}},"2":{"start":{"line":23,"column":0},"end":{"line":23,"column":52}}},"fnMap":{},"branchMap":{},"s":{"0":3,"1":3,"2":3},"f":{},"b":{},"_coverageSchema":"1a1c01bbd47fc00a2c39e90264f33305004495a9","hash":"5dde0bfe15a26f9bf5d41d01ccc6bd978784b0a0"}
}
