TN:
SF:server.js
FN:34,(anonymous_0)
FN:35,(anonymous_1)
FN:39,(anonymous_2)
FN:58,(anonymous_3)
FN:61,(anonymous_4)
FN:64,(anonymous_5)
FN:74,(anonymous_6)
FN:77,(anonymous_7)
FN:85,(anonymous_8)
FN:104,(anonymous_9)
FN:110,(anonymous_10)
FN:155,(anonymous_11)
FN:182,(anonymous_12)
FN:187,(anonymous_13)
FN:190,(anonymous_14)
FN:208,(anonymous_15)
FN:215,(anonymous_16)
FN:252,(anonymous_17)
FN:270,(anonymous_18)
FN:287,(anonymous_19)
FN:306,(anonymous_20)
FN:315,(anonymous_21)
FN:316,(anonymous_22)
FN:334,(anonymous_23)
FN:345,(anonymous_24)
FN:364,(anonymous_25)
FN:374,(anonymous_26)
FN:385,(anonymous_27)
FN:398,(anonymous_28)
FNF:29
FNH:7
FNDA:0,(anonymous_0)
FNDA:0,(anonymous_1)
FNDA:0,(anonymous_2)
FNDA:0,(anonymous_3)
FNDA:0,(anonymous_4)
FNDA:0,(anonymous_5)
FNDA:0,(anonymous_6)
FNDA:0,(anonymous_7)
FNDA:0,(anonymous_8)
FNDA:0,(anonymous_9)
FNDA:2,(anonymous_10)
FNDA:2,(anonymous_11)
FNDA:0,(anonymous_12)
FNDA:0,(anonymous_13)
FNDA:0,(anonymous_14)
FNDA:1,(anonymous_15)
FNDA:1,(anonymous_16)
FNDA:0,(anonymous_17)
FNDA:0,(anonymous_18)
FNDA:0,(anonymous_19)
FNDA:2,(anonymous_20)
FNDA:2,(anonymous_21)
FNDA:2,(anonymous_22)
FNDA:0,(anonymous_23)
FNDA:0,(anonymous_24)
FNDA:0,(anonymous_25)
FNDA:0,(anonymous_26)
FNDA:0,(anonymous_27)
FNDA:0,(anonymous_28)
DA:1,3
DA:2,3
DA:3,3
DA:4,3
DA:5,3
DA:6,3
DA:7,3
DA:8,3
DA:9,3
DA:10,3
DA:11,3
DA:13,3
DA:15,3
DA:16,3
DA:17,3
DA:25,3
DA:28,3
DA:29,3
DA:32,3
DA:33,0
DA:34,0
DA:35,0
DA:39,3
DA:40,0
DA:41,0
DA:42,0
DA:43,0
DA:45,0
DA:46,0
DA:47,0
DA:48,0
DA:50,0
DA:51,0
DA:53,0
DA:54,0
DA:58,3
DA:59,0
DA:61,0
DA:62,0
DA:63,0
DA:64,0
DA:65,0
DA:67,0
DA:68,0
DA:70,0
DA:74,0
DA:75,0
DA:76,0
DA:77,0
DA:78,0
DA:79,0
DA:80,0
DA:85,0
DA:86,0
DA:87,0
DA:93,0
DA:100,0
DA:104,0
DA:105,0
DA:110,3
DA:111,2
DA:112,2
DA:113,0
DA:115,2
DA:116,0
DA:118,2
DA:119,2
DA:120,2
DA:121,1
DA:123,1
DA:124,1
DA:125,1
DA:128,1
DA:129,1
DA:130,1
DA:132,1
DA:133,1
DA:136,1
DA:137,1
DA:138,0
DA:139,0
DA:140,0
DA:141,0
DA:148,1
DA:150,0
DA:155,3
DA:156,2
DA:157,2
DA:158,0
DA:160,2
DA:161,2
DA:162,2
DA:163,0
DA:165,2
DA:166,2
DA:167,1
DA:169,1
DA:174,1
DA:176,0
DA:177,0
DA:182,3
DA:183,0
DA:184,0
DA:187,0
DA:188,0
DA:189,0
DA:190,0
DA:191,0
DA:199,0
DA:201,0
DA:203,0
DA:208,3
DA:209,1
DA:210,1
DA:211,1
DA:212,1
DA:213,1
DA:214,1
DA:215,1
DA:216,1
DA:217,0
DA:219,1
DA:220,1
DA:221,1
DA:222,1
DA:224,0
DA:225,0
DA:226,0
DA:227,0
DA:228,0
DA:229,0
DA:235,0
DA:236,0
DA:243,0
DA:244,0
DA:246,0
DA:247,0
DA:252,3
DA:253,0
DA:254,0
DA:255,0
DA:256,0
DA:257,0
DA:259,0
DA:260,0
DA:262,0
DA:263,0
DA:265,0
DA:266,0
DA:270,3
DA:271,0
DA:272,0
DA:273,0
DA:274,0
DA:276,0
DA:277,0
DA:279,0
DA:280,0
DA:282,0
DA:283,0
DA:287,3
DA:288,0
DA:289,0
DA:290,0
DA:291,0
DA:293,0
DA:294,0
DA:295,0
DA:296,0
DA:297,0
DA:299,0
DA:301,0
DA:306,3
DA:307,2
DA:308,2
DA:309,0
DA:311,2
DA:312,0
DA:314,2
DA:315,2
DA:316,2
DA:317,0
DA:319,2
DA:325,2
DA:326,2
DA:328,0
DA:329,0
DA:334,3
DA:335,0
DA:336,0
DA:337,0
DA:338,0
DA:340,0
DA:345,3
DA:346,0
DA:347,0
DA:348,0
DA:349,0
DA:350,0
DA:351,0
DA:352,0
DA:353,0
DA:354,0
DA:355,0
DA:357,0
DA:358,0
DA:360,0
DA:364,3
DA:365,0
DA:366,0
DA:367,0
DA:369,0
DA:370,0
DA:374,3
DA:375,0
DA:376,0
DA:377,0
DA:378,0
DA:380,0
DA:385,3
DA:386,0
DA:387,0
DA:388,0
DA:389,0
DA:391,0
DA:392,0
DA:396,3
DA:397,3
DA:398,0
DA:399,0
DA:403,3
LF:231
LH:86
BRDA:25,0,0,3
BRDA:25,0,1,3
BRDA:32,1,0,0
BRDA:32,1,1,3
BRDA:42,2,0,0
BRDA:42,2,1,0
BRDA:47,3,0,0
BRDA:47,3,1,0
BRDA:64,4,0,0
BRDA:64,4,1,0
BRDA:64,5,0,0
BRDA:64,5,1,0
BRDA:78,6,0,0
BRDA:78,6,1,0
BRDA:112,7,0,0
BRDA:112,7,1,2
BRDA:112,8,0,2
BRDA:112,8,1,2
BRDA:112,8,2,2
BRDA:112,8,3,2
BRDA:112,8,4,2
BRDA:115,9,0,0
BRDA:115,9,1,2
BRDA:120,10,0,1
BRDA:120,10,1,1
BRDA:129,11,0,1
BRDA:129,11,1,0
BRDA:140,12,0,0
BRDA:140,12,1,0
BRDA:157,13,0,0
BRDA:157,13,1,2
BRDA:157,14,0,2
BRDA:157,14,1,2
BRDA:162,15,0,0
BRDA:162,15,1,2
BRDA:166,16,0,1
BRDA:166,16,1,1
BRDA:188,17,0,0
BRDA:188,17,1,0
BRDA:189,18,0,0
BRDA:189,18,1,0
BRDA:211,19,0,0
BRDA:211,19,1,1
BRDA:212,20,0,0
BRDA:212,20,1,1
BRDA:213,21,0,1
BRDA:213,21,1,1
BRDA:216,22,0,0
BRDA:216,22,1,1
BRDA:220,23,0,1
BRDA:220,23,1,0
BRDA:224,24,0,0
BRDA:224,24,1,0
BRDA:224,25,0,0
BRDA:224,25,1,0
BRDA:227,26,0,0
BRDA:227,26,1,0
BRDA:228,27,0,0
BRDA:228,28,0,0
BRDA:231,29,0,0
BRDA:231,29,1,0
BRDA:231,30,0,0
BRDA:231,30,1,0
BRDA:255,31,0,0
BRDA:255,31,1,0
BRDA:256,32,0,0
BRDA:256,32,1,0
BRDA:259,33,0,0
BRDA:259,33,1,0
BRDA:273,34,0,0
BRDA:273,34,1,0
BRDA:276,35,0,0
BRDA:276,35,1,0
BRDA:289,36,0,0
BRDA:289,36,1,0
BRDA:290,37,0,0
BRDA:290,37,1,0
BRDA:296,38,0,0
BRDA:296,38,1,0
BRDA:308,39,0,0
BRDA:308,39,1,2
BRDA:311,40,0,0
BRDA:311,40,1,2
BRDA:311,41,0,2
BRDA:311,41,1,2
BRDA:316,42,0,0
BRDA:316,42,1,2
BRDA:337,43,0,0
BRDA:337,43,1,0
BRDA:349,44,0,0
BRDA:349,44,1,0
BRDA:350,45,0,0
BRDA:350,45,1,0
BRDA:351,46,0,0
BRDA:351,46,1,0
BRDA:352,47,0,0
BRDA:352,47,1,0
BRDA:352,48,0,0
BRDA:352,48,1,0
BRDA:354,49,0,0
BRDA:354,49,1,0
BRDA:377,50,0,0
BRDA:377,50,1,0
BRDA:386,51,0,0
BRDA:396,52,0,3
BRDA:396,52,1,0
BRDA:397,53,0,0
BRDA:397,53,1,3
BRF:108
BRH:32
end_of_record
TN:
SF:middleware/auth.js
FN:5,(anonymous_0)
FN:11,(anonymous_1)
FNF:2
FNH:2
FNDA:3,(anonymous_0)
FNDA:3,(anonymous_1)
DA:1,3
DA:2,3
DA:5,3
DA:6,3
DA:7,3
DA:9,3
DA:11,3
DA:12,3
DA:14,3
DA:15,3
DA:19,3
LF:11
LH:11
BRDA:2,0,0,3
BRDA:2,0,1,3
BRDA:7,1,0,3
BRDA:7,1,1,3
BRDA:9,2,0,0
BRDA:9,2,1,3
BRDA:12,3,0,0
BRDA:12,3,1,3
BRF:8
BRH:6
end_of_record
TN:
SF:models/Message.js
FNF:0
FNH:0
DA:1,4
DA:3,4
DA:22,4
LF:3
LH:3
BRF:0
BRH:0
end_of_record
TN:
SF:models/Room.js
FNF:0
FNH:0
DA:1,3
DA:3,3
DA:10,3
LF:3
LH:3
BRF:0
BRH:0
end_of_record
TN:
SF:models/User.js
FNF:0
FNH:0
DA:1,3
DA:3,3
DA:23,3
LF:3
LH:3
BRF:0
BRH:0
end_of_record
